{"/Users/Istidana/Documents/pokedex-wp/components/PokemonCard.js": {"path":"/Users/Istidana/Documents/pokedex-wp/components/PokemonCard.js","statementMap":{"0":{"start":{"line":3,"column":20},"end":{"line":12,"column":1}},"1":{"start":{"line":4,"column":2},"end":{"line":11,"column":8}},"2":{"start":{"line":5,"column":25},"end":{"line":5,"column":52}}},"fnMap":{"0":{"name":"(anonymous_0)","decl":{"start":{"line":3,"column":20},"end":{"line":3,"column":21}},"loc":{"start":{"line":4,"column":2},"end":{"line":11,"column":8}},"line":4},"1":{"name":"(anonymous_1)","decl":{"start":{"line":5,"column":19},"end":{"line":5,"column":20}},"loc":{"start":{"line":5,"column":25},"end":{"line":5,"column":52}},"line":5}},"branchMap":{},"s":{"0":1,"1":0,"2":0},"f":{"0":0,"1":0},"b":{},"_coverageSchema":"43e27e138ebf9cfc5966b082cf9a028302ed4184","hash":"8681877e8cc6558548896035ee47ac5f21e34804"}
,"/Users/Istidana/Documents/pokedex-wp/components/PokemonContainer.js": {"path":"/Users/Istidana/Documents/pokedex-wp/components/PokemonContainer.js","statementMap":{"0":{"start":{"line":20,"column":10},"end":{"line":30,"column":3}},"1":{"start":{"line":33,"column":4},"end":{"line":33,"column":26}},"2":{"start":{"line":34,"column":4},"end":{"line":34,"column":26}},"3":{"start":{"line":37,"column":19},"end":{"line":52,"column":3}},"4":{"start":{"line":38,"column":4},"end":{"line":38,"column":38}},"5":{"start":{"line":41,"column":8},"end":{"line":44,"column":6}},"6":{"start":{"line":45,"column":4},"end":{"line":51,"column":7}},"7":{"start":{"line":46,"column":6},"end":{"line":50,"column":8}},"8":{"start":{"line":54,"column":19},"end":{"line":59,"column":3}},"9":{"start":{"line":57,"column":8},"end":{"line":57,"column":49}},"10":{"start":{"line":58,"column":4},"end":{"line":58,"column":38}},"11":{"start":{"line":61,"column":19},"end":{"line":77,"column":3}},"12":{"start":{"line":62,"column":18},"end":{"line":62,"column":34}},"13":{"start":{"line":63,"column":4},"end":{"line":63,"column":47}},"14":{"start":{"line":64,"column":4},"end":{"line":76,"column":5}},"15":{"start":{"line":67,"column":10},"end":{"line":67,"column":60}},"16":{"start":{"line":68,"column":23},"end":{"line":71,"column":12}},"17":{"start":{"line":69,"column":8},"end":{"line":69,"column":37}},"18":{"start":{"line":70,"column":8},"end":{"line":70,"column":22}},"19":{"start":{"line":72,"column":6},"end":{"line":72,"column":34}},"20":{"start":{"line":74,"column":6},"end":{"line":74,"column":38}},"21":{"start":{"line":75,"column":6},"end":{"line":75,"column":28}},"22":{"start":{"line":79,"column":14},"end":{"line":81,"column":3}},"23":{"start":{"line":80,"column":4},"end":{"line":80,"column":48}},"24":{"start":{"line":83,"column":18},"end":{"line":100,"column":3}},"25":{"start":{"line":84,"column":19},"end":{"line":84,"column":36}},"26":{"start":{"line":85,"column":4},"end":{"line":99,"column":5}},"27":{"start":{"line":86,"column":6},"end":{"line":86,"column":41}},"28":{"start":{"line":87,"column":6},"end":{"line":95,"column":11}},"29":{"start":{"line":89,"column":10},"end":{"line":91,"column":13}},"30":{"start":{"line":94,"column":10},"end":{"line":94,"column":29}},"31":{"start":{"line":97,"column":6},"end":{"line":97,"column":56}},"32":{"start":{"line":98,"column":6},"end":{"line":98,"column":28}},"33":{"start":{"line":102,"column":18},"end":{"line":118,"column":3}},"34":{"start":{"line":103,"column":25},"end":{"line":103,"column":35}},"35":{"start":{"line":104,"column":4},"end":{"line":117,"column":7}},"36":{"start":{"line":105,"column":28},"end":{"line":105,"column":35}},"37":{"start":{"line":106,"column":23},"end":{"line":106,"column":37}},"38":{"start":{"line":107,"column":17},"end":{"line":107,"column":46}},"39":{"start":{"line":108,"column":23},"end":{"line":108,"column":60}},"40":{"start":{"line":109,"column":6},"end":{"line":116,"column":8}},"41":{"start":{"line":120,"column":20},"end":{"line":123,"column":3}},"42":{"start":{"line":121,"column":21},"end":{"line":121,"column":73}},"43":{"start":{"line":122,"column":4},"end":{"line":122,"column":49}},"44":{"start":{"line":125,"column":21},"end":{"line":127,"column":3}},"45":{"start":{"line":126,"column":4},"end":{"line":126,"column":36}},"46":{"start":{"line":138,"column":8},"end":{"line":138,"column":18}},"47":{"start":{"line":140,"column":4},"end":{"line":162,"column":6}}},"fnMap":{"0":{"name":"(anonymous_0)","decl":{"start":{"line":32,"column":2},"end":{"line":32,"column":3}},"loc":{"start":{"line":32,"column":22},"end":{"line":35,"column":3}},"line":32},"1":{"name":"(anonymous_1)","decl":{"start":{"line":37,"column":19},"end":{"line":37,"column":20}},"loc":{"start":{"line":37,"column":44},"end":{"line":52,"column":3}},"line":37},"2":{"name":"(anonymous_2)","decl":{"start":{"line":45,"column":18},"end":{"line":45,"column":19}},"loc":{"start":{"line":45,"column":27},"end":{"line":51,"column":5}},"line":45},"3":{"name":"(anonymous_3)","decl":{"start":{"line":54,"column":19},"end":{"line":54,"column":20}},"loc":{"start":{"line":54,"column":31},"end":{"line":59,"column":3}},"line":54},"4":{"name":"(anonymous_4)","decl":{"start":{"line":61,"column":19},"end":{"line":61,"column":20}},"loc":{"start":{"line":61,"column":32},"end":{"line":77,"column":3}},"line":61},"5":{"name":"(anonymous_5)","decl":{"start":{"line":68,"column":38},"end":{"line":68,"column":39}},"loc":{"start":{"line":68,"column":59},"end":{"line":71,"column":7}},"line":68},"6":{"name":"(anonymous_6)","decl":{"start":{"line":79,"column":14},"end":{"line":79,"column":15}},"loc":{"start":{"line":79,"column":21},"end":{"line":81,"column":3}},"line":79},"7":{"name":"(anonymous_7)","decl":{"start":{"line":83,"column":18},"end":{"line":83,"column":19}},"loc":{"start":{"line":83,"column":30},"end":{"line":100,"column":3}},"line":83},"8":{"name":"(anonymous_8)","decl":{"start":{"line":88,"column":14},"end":{"line":88,"column":15}},"loc":{"start":{"line":88,"column":28},"end":{"line":92,"column":9}},"line":88},"9":{"name":"(anonymous_9)","decl":{"start":{"line":93,"column":15},"end":{"line":93,"column":16}},"loc":{"start":{"line":93,"column":22},"end":{"line":95,"column":9}},"line":93},"10":{"name":"(anonymous_10)","decl":{"start":{"line":102,"column":18},"end":{"line":102,"column":19}},"loc":{"start":{"line":102,"column":24},"end":{"line":118,"column":3}},"line":102},"11":{"name":"(anonymous_11)","decl":{"start":{"line":104,"column":24},"end":{"line":104,"column":25}},"loc":{"start":{"line":104,"column":40},"end":{"line":117,"column":5}},"line":104},"12":{"name":"(anonymous_12)","decl":{"start":{"line":120,"column":20},"end":{"line":120,"column":21}},"loc":{"start":{"line":120,"column":34},"end":{"line":123,"column":3}},"line":120},"13":{"name":"(anonymous_13)","decl":{"start":{"line":125,"column":21},"end":{"line":125,"column":22}},"loc":{"start":{"line":125,"column":27},"end":{"line":127,"column":3}},"line":125},"14":{"name":"(anonymous_14)","decl":{"start":{"line":129,"column":2},"end":{"line":129,"column":3}},"loc":{"start":{"line":129,"column":11},"end":{"line":163,"column":3}},"line":129}},"branchMap":{"0":{"loc":{"start":{"line":37,"column":26},"end":{"line":37,"column":39}},"type":"default-arg","locations":[{"start":{"line":37,"column":35},"end":{"line":37,"column":39}}],"line":37},"1":{"loc":{"start":{"line":43,"column":14},"end":{"line":43,"column":47}},"type":"cond-expr","locations":[{"start":{"line":43,"column":23},"end":{"line":43,"column":40}},{"start":{"line":43,"column":43},"end":{"line":43,"column":47}}],"line":43},"2":{"loc":{"start":{"line":64,"column":4},"end":{"line":76,"column":5}},"type":"if","locations":[{"start":{"line":64,"column":4},"end":{"line":76,"column":5}},{"start":{"line":64,"column":4},"end":{"line":76,"column":5}}],"line":64},"3":{"loc":{"start":{"line":85,"column":4},"end":{"line":99,"column":5}},"type":"if","locations":[{"start":{"line":85,"column":4},"end":{"line":99,"column":5}},{"start":{"line":85,"column":4},"end":{"line":99,"column":5}}],"line":85},"4":{"loc":{"start":{"line":150,"column":9},"end":{"line":154,"column":9}},"type":"cond-expr","locations":[{"start":{"line":151,"column":10},"end":{"line":151,"column":79}},{"start":{"line":153,"column":10},"end":{"line":153,"column":12}}],"line":150},"5":{"loc":{"start":{"line":150,"column":9},"end":{"line":150,"column":37}},"type":"binary-expr","locations":[{"start":{"line":150,"column":9},"end":{"line":150,"column":23}},{"start":{"line":150,"column":27},"end":{"line":150,"column":37}}],"line":150}},"s":{"0":0,"1":0,"2":0,"3":0,"4":0,"5":0,"6":0,"7":0,"8":0,"9":0,"10":0,"11":0,"12":0,"13":0,"14":0,"15":0,"16":0,"17":0,"18":0,"19":0,"20":0,"21":0,"22":0,"23":0,"24":0,"25":0,"26":0,"27":0,"28":0,"29":0,"30":0,"31":0,"32":0,"33":0,"34":0,"35":0,"36":0,"37":0,"38":0,"39":0,"40":0,"41":0,"42":0,"43":0,"44":0,"45":0,"46":0,"47":0},"f":{"0":0,"1":0,"2":0,"3":0,"4":0,"5":0,"6":0,"7":0,"8":0,"9":0,"10":0,"11":0,"12":0,"13":0,"14":0},"b":{"0":[0],"1":[0,0],"2":[0,0],"3":[0,0],"4":[0,0],"5":[0,0]},"_coverageSchema":"43e27e138ebf9cfc5966b082cf9a028302ed4184","hash":"e8aa443571fd0970e3e437baebe212477a9b9b2c"}
,"/Users/Istidana/Documents/pokedex-wp/components/PokemonFilter.js": {"path":"/Users/Istidana/Documents/pokedex-wp/components/PokemonFilter.js","statementMap":{"0":{"start":{"line":13,"column":66},"end":{"line":13,"column":76}},"1":{"start":{"line":15,"column":4},"end":{"line":51,"column":6}},"2":{"start":{"line":26,"column":18},"end":{"line":30,"column":20}}},"fnMap":{"0":{"name":"(anonymous_0)","decl":{"start":{"line":12,"column":2},"end":{"line":12,"column":3}},"loc":{"start":{"line":12,"column":11},"end":{"line":52,"column":3}},"line":12},"1":{"name":"(anonymous_1)","decl":{"start":{"line":25,"column":27},"end":{"line":25,"column":28}},"loc":{"start":{"line":25,"column":44},"end":{"line":31,"column":17}},"line":25}},"branchMap":{},"s":{"0":0,"1":0,"2":0},"f":{"0":0,"1":0},"b":{},"_coverageSchema":"43e27e138ebf9cfc5966b082cf9a028302ed4184","hash":"a7cc2d2a1526e86eb7a760a3cc75f7657ab6b09d"}
,"/Users/Istidana/Documents/pokedex-wp/components/PokemonLoadMore.js": {"path":"/Users/Istidana/Documents/pokedex-wp/components/PokemonLoadMore.js","statementMap":{"0":{"start":{"line":3,"column":24},"end":{"line":19,"column":1}},"1":{"start":{"line":4,"column":2},"end":{"line":18,"column":11}},"2":{"start":{"line":4,"column":25},"end":{"line":4,"column":42}}},"fnMap":{"0":{"name":"(anonymous_0)","decl":{"start":{"line":3,"column":24},"end":{"line":3,"column":25}},"loc":{"start":{"line":4,"column":2},"end":{"line":18,"column":11}},"line":4},"1":{"name":"(anonymous_1)","decl":{"start":{"line":4,"column":19},"end":{"line":4,"column":20}},"loc":{"start":{"line":4,"column":25},"end":{"line":4,"column":42}},"line":4}},"branchMap":{"0":{"loc":{"start":{"line":5,"column":5},"end":{"line":17,"column":5}},"type":"cond-expr","locations":[{"start":{"line":6,"column":6},"end":{"line":14,"column":12}},{"start":{"line":16,"column":6},"end":{"line":16,"column":17}}],"line":5}},"s":{"0":1,"1":0,"2":0},"f":{"0":0,"1":0},"b":{"0":[0,0]},"_coverageSchema":"43e27e138ebf9cfc5966b082cf9a028302ed4184","hash":"0d36656f2bd280e73f78da193edc376a06a3be70"}
,"/Users/Istidana/Documents/pokedex-wp/components/PokemonModal.js": {"path":"/Users/Istidana/Documents/pokedex-wp/components/PokemonModal.js","statementMap":{"0":{"start":{"line":15,"column":4},"end":{"line":23,"column":7}},"1":{"start":{"line":16,"column":19},"end":{"line":16,"column":33}},"2":{"start":{"line":18,"column":6},"end":{"line":22,"column":8}},"3":{"start":{"line":27,"column":4},"end":{"line":38,"column":7}},"4":{"start":{"line":28,"column":6},"end":{"line":37,"column":8}},"5":{"start":{"line":42,"column":4},"end":{"line":52,"column":7}},"6":{"start":{"line":43,"column":6},"end":{"line":51,"column":8}},"7":{"start":{"line":56,"column":43},"end":{"line":56,"column":53}},"8":{"start":{"line":67,"column":8},"end":{"line":67,"column":14}},"9":{"start":{"line":68,"column":26},"end":{"line":71,"column":10}},"10":{"start":{"line":69,"column":6},"end":{"line":69,"column":40}},"11":{"start":{"line":70,"column":6},"end":{"line":70,"column":20}},"12":{"start":{"line":73,"column":4},"end":{"line":139,"column":6}},"13":{"start":{"line":77,"column":22},"end":{"line":77,"column":34}}},"fnMap":{"0":{"name":"(anonymous_0)","decl":{"start":{"line":14,"column":2},"end":{"line":14,"column":3}},"loc":{"start":{"line":14,"column":20},"end":{"line":24,"column":3}},"line":14},"1":{"name":"(anonymous_1)","decl":{"start":{"line":15,"column":21},"end":{"line":15,"column":22}},"loc":{"start":{"line":15,"column":29},"end":{"line":23,"column":5}},"line":15},"2":{"name":"(anonymous_2)","decl":{"start":{"line":26,"column":2},"end":{"line":26,"column":3}},"loc":{"start":{"line":26,"column":21},"end":{"line":39,"column":3}},"line":26},"3":{"name":"(anonymous_3)","decl":{"start":{"line":27,"column":31},"end":{"line":27,"column":32}},"loc":{"start":{"line":27,"column":39},"end":{"line":38,"column":5}},"line":27},"4":{"name":"(anonymous_4)","decl":{"start":{"line":41,"column":2},"end":{"line":41,"column":3}},"loc":{"start":{"line":41,"column":21},"end":{"line":53,"column":3}},"line":41},"5":{"name":"(anonymous_5)","decl":{"start":{"line":42,"column":21},"end":{"line":42,"column":22}},"loc":{"start":{"line":42,"column":29},"end":{"line":52,"column":5}},"line":42},"6":{"name":"(anonymous_6)","decl":{"start":{"line":55,"column":2},"end":{"line":55,"column":3}},"loc":{"start":{"line":55,"column":11},"end":{"line":140,"column":3}},"line":55},"7":{"name":"(anonymous_7)","decl":{"start":{"line":68,"column":43},"end":{"line":68,"column":44}},"loc":{"start":{"line":68,"column":64},"end":{"line":71,"column":5}},"line":68},"8":{"name":"(anonymous_8)","decl":{"start":{"line":77,"column":16},"end":{"line":77,"column":17}},"loc":{"start":{"line":77,"column":22},"end":{"line":77,"column":34}},"line":77}},"branchMap":{"0":{"loc":{"start":{"line":60,"column":6},"end":{"line":60,"column":16}},"type":"default-arg","locations":[{"start":{"line":60,"column":14},"end":{"line":60,"column":16}}],"line":60},"1":{"loc":{"start":{"line":61,"column":6},"end":{"line":61,"column":16}},"type":"default-arg","locations":[{"start":{"line":61,"column":14},"end":{"line":61,"column":16}}],"line":61},"2":{"loc":{"start":{"line":65,"column":6},"end":{"line":65,"column":20}},"type":"default-arg","locations":[{"start":{"line":65,"column":18},"end":{"line":65,"column":20}}],"line":65},"3":{"loc":{"start":{"line":66,"column":6},"end":{"line":66,"column":16}},"type":"default-arg","locations":[{"start":{"line":66,"column":14},"end":{"line":66,"column":16}}],"line":66}},"s":{"0":0,"1":0,"2":0,"3":0,"4":0,"5":0,"6":0,"7":0,"8":0,"9":0,"10":0,"11":0,"12":0,"13":0},"f":{"0":0,"1":0,"2":0,"3":0,"4":0,"5":0,"6":0,"7":0,"8":0},"b":{"0":[0],"1":[0],"2":[0],"3":[0]},"_coverageSchema":"43e27e138ebf9cfc5966b082cf9a028302ed4184","hash":"8c1a8b4b882d838a184295a02276dd011d0d89c1"}
,"/Users/Istidana/Documents/pokedex-wp/pages/index.js": {"path":"/Users/Istidana/Documents/pokedex-wp/pages/index.js","statementMap":{"0":{"start":{"line":10,"column":4},"end":{"line":10,"column":32}}},"fnMap":{"0":{"name":"(anonymous_0)","decl":{"start":{"line":9,"column":2},"end":{"line":9,"column":3}},"loc":{"start":{"line":9,"column":11},"end":{"line":11,"column":3}},"line":9}},"branchMap":{},"s":{"0":1},"f":{"0":1},"b":{},"_coverageSchema":"43e27e138ebf9cfc5966b082cf9a028302ed4184","hash":"fc3e321041e1496fe59797558db43fb96aa44ca0"}
,"/Users/Istidana/Documents/pokedex-wp/utils/Axios.js": {"path":"/Users/Istidana/Documents/pokedex-wp/utils/Axios.js","statementMap":{"0":{"start":{"line":4,"column":2},"end":{"line":8,"column":5}}},"fnMap":{"0":{"name":"get","decl":{"start":{"line":3,"column":16},"end":{"line":3,"column":19}},"loc":{"start":{"line":3,"column":38},"end":{"line":9,"column":1}},"line":3}},"branchMap":{"0":{"loc":{"start":{"line":3,"column":25},"end":{"line":3,"column":36}},"type":"default-arg","locations":[{"start":{"line":3,"column":34},"end":{"line":3,"column":36}}],"line":3}},"s":{"0":0},"f":{"0":0},"b":{"0":[0]},"_coverageSchema":"43e27e138ebf9cfc5966b082cf9a028302ed4184","hash":"37982794bed45fdf853032e959252cb91553b7f3"}
}
